2018-06-05 21:07:29   ECS: ['wang-test'] Shut Off!  result:{'job_id': '8aace0c763ac50390163d00f47e17ac3'} return_code:200.
2018-06-05 21:07:48   ECS: ['liliang'] Shut Off!  result:{'job_id': 'ff8080826397e0710163d00f948437ad'} return_code:200.
2018-06-06 15:33:08   ECS: ['liliang'] Shut Off!  result:{'job_id': 'ff8080826397de940163d4037f62114e'} return_code:200.
2018-06-06 19:03:03   ECS: ['xuchao-ces'] Shut Off!  result:{'job_id': '8aace0c863d02b910163d4c3af6024fe'} return_code:200.
2018-06-07 16:54:03   ECS: ['xuchao-test'] Shut Off!  result:{'job_id': '8aace0c763d02abc0163d973f3016314'} return_code:200.
2018-06-07 16:57:02   ECS: ['xuchao-test'] Shut Off!  result:{'job_id': '8aace0c663d029c50163d976afc65762'} return_code:200.
2018-06-07 18:54:03   ECS: ['xuchao-test'] Shut Off!  result:{'job_id': '8aace0c863d02b910163d9e1d0d97560'} return_code:200.
2018-06-07 19:00:10   ECS: ['wanglong'] Shut Off!  result:{'job_id': '8aace0c763d02abc0163d9e76a4d130a'} return_code:200.
2018-06-07 19:54:11   ECS: ['ecs-王亚勇'] Shut Off!  result:{'job_id': '8a0eaa9563929c8e0163da18deb46898'} return_code:200.
2018-06-11 20:57:02   ECS: ['ecs-dcea'] Shut Off!  result:{'job_id': '8aace0c763d02abc0163eeebe4742dce'} return_code:200.
2018-06-12 20:18:11   ECS: ['xpj-centos7'] Shut Off!  result:{'job_id': 'ff80808263ef68b00163f3eeb2064e6f'} return_code:200.
2018-06-13 19:00:05   ECS: ['jszc-82014', 'xc-test'] Shut Off!  result:{'job_id': '8aace0c663d029c50163f8cd8f2f0898'} return_code:200.
2018-06-13 23:30:12   ECS: ['重要误删-master-0002', '重要误删-master-0001'] Shut Off!  result:{'job_id': 'ff80808263f48c480163f9c4dd181fed'} return_code:200.
2018-06-14 18:36:03   ECS: ['xuchao-test'] Shut Off!  result:{'job_id': '8aace0c663f98b170163fdddecd83a4c'} return_code:200.
2018-06-14 19:00:04   ECS: ['ecs-hehao'] Shut Off!  result:{'job_id': '8aace0c863f98d000163fdf3ea95696b'} return_code:200.
2018-06-15 18:45:02   ECS: ['xuchao-test'] Shut Off!  result:{'job_id': '8aace0c763f98c1e0164030c86244be3'} return_code:200.
2018-06-19 19:00:03   ECS: ['ecs-zy-test'] Shut Off!  result:{'job_id': '8aace0c664046fe4016417b3bf787892'} return_code:200.
2018-06-20 19:00:04   ECS: ['ecs-c08c', 'xuchao-test'] Shut Off!  result:{'job_id': '8aace0c86404718c01641cda248576fa'} return_code:200.
2018-06-20 21:06:05   ECS: ['ecs-lzl'] Shut Off!  result:{'job_id': '8a0eaa9664047b9a01641d4d841055d9'} return_code:200.
2018-06-21 19:00:05   ECS: ['zxx'] Shut Off!  result:{'job_id': '8aace0c7640470cd0164220085c30f6d'} return_code:200.
2018-06-21 19:00:16   ECS: ['ecs-lzl'] Shut Off!  result:{'job_id': '8a0eaa9564047aa201642200afe16d87'} return_code:200.
2018-06-22 19:00:02   ECS: ['ecs-4372'] Shut Off!  result:{'job_id': '8aace0c76422e03201642726daef77eb'} return_code:200.
2018-06-22 19:00:11   ECS: ['zxx'] Shut Off!  result:{'job_id': '8a0eaa956422fec901642726fb03017d'} return_code:200.
2018-06-23 03:48:05   ECS: ['zxx2-勿动'] Shut Off!  result:{'job_id': '8a0eaa966422ffb10164290a4c043f94'} return_code:200.
2018-06-26 22:36:02   ECS: ['jszc-58010'] Shut Off!  result:{'job_id': '8aace0c76422e03201643c8614a669f8'} return_code:200.
2018-06-27 18:39:02   ECS: ['xuchao'] Shut Off!  result:{'job_id': '8aace0c66422df3f016440d37b9035f4'} return_code:200.
2018-06-27 19:39:06   ECS: ['test'] Shut Off!  result:{'job_id': '8a0eaa956422fec90164410a75ea4e29'} return_code:200.
2018-06-28 19:00:05   ECS: ['ecs-b602'] Shut Off!  result:{'job_id': '8aace0c66422df3f0164460d1d85382c'} return_code:200.
2018-06-28 19:24:06   ECS: ['ecs-wyy'] Shut Off!  result:{'job_id': '8a0eaa966422ffb1016446231c7c3ac4'} return_code:200.
2018-06-28 19:51:02   ECS: ['ecs-ubuntu'] Shut Off!  result:{'job_id': '8aace0c76422e0320164463bc3244525'} return_code:200.
2018-06-28 20:15:05   ECS: ['ecs-lzl'] Shut Off!  result:{'job_id': '8aace0c76422e03201644651c7a04e57'} return_code:200.
2018-06-29 18:30:04   ECS: ['ecs-lzl'] Shut Off!  result:{'job_id': '8aace0c86446ff6501644b1801834d26'} return_code:200.
2018-06-29 18:54:02   ECS: ['ecs-CBH'] Shut Off!  result:{'job_id': '8aace0c76446fe6601644b2df2df6cef'} return_code:200.
2018-06-29 19:00:06   ECS: ['ecs-zy-test'] Shut Off!  result:{'job_id': '8a0eaa966447042c01644b337f96047f'} return_code:200.
2018-06-29 20:39:02   ECS: ['xuchao-kube'] Shut Off!  result:{'job_id': '8aace0c66446fd5801644b8e13fb6528'} return_code:200.
2018-06-29 20:45:02   ECS: ['ecs-wl-mysql'] Shut Off!  result:{'job_id': '8aace0c66446fd5801644b9392026b29'} return_code:200.
2018-06-29 21:45:07   ECS: ['c6-zy'] Shut Off!  result:{'job_id': '8a0eaa966447042c01644bca956613c2'} return_code:200.
2018-07-09 19:00:03   ECS: ['ecs-lzl'] Shut Off!  result:{'job_id': '8aace0c6647ac92d01647eb3295903a9'} return_code:200.
2018-07-09 20:24:05   ECS: ['ecs-zytest'] Shut Off!  result:{'job_id': '8a0eaa95646b27a301647f00175802bd'} return_code:200.
2018-07-09 20:54:05   ECS: ['win-zytest'] Shut Off!  result:{'job_id': '8a0eaa96646b287c01647f1b8d9402cc'} return_code:200.
2018-07-09 22:39:02   ECS: ['ecs-80c4'] Shut Off!  result:{'job_id': '8aace0c8647acaf701647f7ba3fe4bbc'} return_code:200.
2018-07-09 22:54:04   ECS: ['ecs-wyy-test'] Shut Off!  result:{'job_id': '8a0eaa96646b287c01647f89686a1324'} return_code:200.
2018-07-09 23:45:02   ECS: ['ecs-wyy-test'] Shut Off!  result:{'job_id': '8aace0c6647ac92d01647fb8122a4f1d'} return_code:200.
2018-07-10 18:09:03   ECS: ['xuchao-test'] Shut Off!  result:{'job_id': '8aace0c8647acaf7016483aad3d32a5c'} return_code:200.
2018-07-10 21:45:02   ECS: ['ecs-王亚勇'] Shut Off!  result:{'job_id': '8aace0c8647acaf70164847092417111'} return_code:200.
2018-07-11 18:30:03   ECS: ['xuchao-test'] Shut Off!  result:{'job_id': '8aace0c8647acaf7016488e46bff0c58'} return_code:200.
2018-07-11 20:36:06   ECS: ['ecs-zytest'] Shut Off!  result:{'job_id': '8a0eaa95646b27a301648957d71065f4'} return_code:200.
2018-07-11 21:06:02   ECS: ['ecs-wl'] Shut Off!  result:{'job_id': '8aace0c6647ac92d016489733e0b6dfa'} return_code:200.
2018-07-11 21:36:02   ECS: ['ecs-lzl'] Shut Off!  result:{'job_id': '8aace0c8647acaf70164898eb4333446'} return_code:200.
2018-07-12 18:06:02   ECS: ['xuchao-test'] Shut Off!  result:{'job_id': '8aace0c6647ac92d01648df4d0244608'} return_code:200.
